<?xml version="1.0" encoding="UTF-8"?>
<!-- Generated by org.testng.reporters.JUnitReportReporter -->
<testsuite skipped="0" hostname="L-156199897" name="Configu.Property" tests="1" failures="0" timestamp="3 Jan 2022 17:01:11 GMT" time="34.960" errors="0">
  <testcase name="readPropertiesFile" time="34.960" classname="Configu.Property"/>
</testsuite> <!-- Configu.Property -->
