<?xml version="1.0" encoding="UTF-8"?>
<!-- Generated by org.testng.reporters.JUnitReportReporter -->
<testsuite skipped="0" hostname="L-156199897" name="Script.EaseMyTrip" tests="4" failures="0" timestamp="4 Jan 2022 13:23:32 GMT" time="48.998" errors="0">
  <testcase name="StartDate" time="10.988" classname="Script.EaseMyTrip"/>
  <testcase name="travellClass" time="9.386" classname="Script.EaseMyTrip"/>
  <testcase name="FromSource" time="24.305" classname="Script.EaseMyTrip"/>
  <testcase name="AddTravellers" time="4.319" classname="Script.EaseMyTrip"/>
</testsuite> <!-- Script.EaseMyTrip -->
