<?xml version="1.0" encoding="UTF-8"?>
<!-- Generated by org.testng.reporters.JUnitReportReporter -->
<testsuite skipped="0" hostname="L-156199897" name="Script.links" tests="2" failures="0" timestamp="25 Feb 2022 08:46:17 GMT" time="0.017" errors="0">
  <testcase name="addsum" time="0.015" classname="Script.links"/>
  <testcase name="repeatremoval" time="0.002" classname="Script.links"/>
</testsuite> <!-- Script.links -->
