<?xml version="1.0" encoding="UTF-8"?>
<!-- Generated by org.testng.reporters.JUnitReportReporter -->
<testsuite skipped="0" hostname="L-156199897" name="ExcelReaderUtility.ExcelWriterUtility" tests="1" failures="0" timestamp="5 Jan 2022 09:01:03 GMT" time="1.619" errors="0">
  <testcase name="WriteExcel" time="1.619" classname="ExcelReaderUtility.ExcelWriterUtility"/>
</testsuite> <!-- ExcelReaderUtility.ExcelWriterUtility -->
