<?xml version="1.0" encoding="UTF-8"?>
<!-- Generated by org.testng.reporters.JUnitReportReporter -->
<testsuite skipped="0" hostname="L-156199897" name="Script.Webtables" tests="1" failures="0" timestamp="6 Jan 2022 12:10:20 GMT" time="0.010" errors="0">
  <testcase name="StringNum" time="0.010" classname="Script.Webtables"/>
</testsuite> <!-- Script.Webtables -->
