<?xml version="1.0" encoding="UTF-8"?>
<!-- Generated by org.testng.reporters.JUnitReportReporter -->
<testsuite skipped="0" hostname="L-156199897" name="Utility.AllUtility" tests="1" failures="0" timestamp="6 Jan 2022 11:48:38 GMT" time="0.014" errors="0">
  <testcase name="StringUpperCase" time="0.014" classname="Utility.AllUtility"/>
</testsuite> <!-- Utility.AllUtility -->
