<?xml version="1.0" encoding="UTF-8"?>
<!-- Generated by org.testng.reporters.JUnitReportReporter -->
<testsuite skipped="0" hostname="L-156199897" name="Script.ReadPDF" tests="1" failures="0" timestamp="7 Jan 2022 12:47:32 GMT" time="2.230" errors="0">
  <testcase name="TestPDF" time="2.230" classname="Script.ReadPDF"/>
</testsuite> <!-- Script.ReadPDF -->
